  chatroom.cpp
chatroom.cpp(96): error C2664: “BOOL CFont::CreatePointFont(int,LPCTSTR,CDC *)”: 无法将参数 2 从“const char [9]”转换为“LPCTSTR”
  chatroom.cpp(96): note: 与指向的类型无关；转换要求 reinterpret_cast、C 样式转换或函数样式转换
chatroom.cpp(111): error C2678: 二进制“+”: 没有找到接受“const char *”类型的左操作数的运算符(或没有可接受的转换)
  D:\新建文件夹\VC\include\comutil.h(454): note: 可能是“_bstr_t operator +(const wchar_t *,const _bstr_t &)”
  D:\新建文件夹\VC\include\comutil.h(444): note: 或  “_bstr_t operator +(const char *,const _bstr_t &)”
  D:\新建文件夹\VC\atlmfc\include\atlsimpstr.h(643): note: 或    “ATL::CSimpleStringT<wchar_t,true> ATL::CSimpleStringT<wchar_t,true>::operator +(const ATL::CSimpleStringT<wchar_t,true> &,const ATL::CSimpleStringT<wchar_t,true> &)”[使用参数相关的查找找到]
  D:\新建文件夹\VC\atlmfc\include\atlsimpstr.h(654): note: 或    “ATL::CSimpleStringT<wchar_t,true> ATL::CSimpleStringT<wchar_t,true>::operator +(const ATL::CSimpleStringT<wchar_t,true> &,const wchar_t *)”[使用参数相关的查找找到]
  D:\新建文件夹\VC\atlmfc\include\atlsimpstr.h(665): note: 或    “ATL::CSimpleStringT<wchar_t,true> ATL::CSimpleStringT<wchar_t,true>::operator +(const wchar_t *,const ATL::CSimpleStringT<wchar_t,true> &)”[使用参数相关的查找找到]
  D:\新建文件夹\VC\atlmfc\include\cstringt.h(2380): note: 或    “ATL::CStringT<wchar_t,StrTraitMFC_DLL<wchar_t,ATL::ChTraitsCRT<wchar_t>>> ATL::CStringT<wchar_t,StrTraitMFC_DLL<wchar_t,ATL::ChTraitsCRT<wchar_t>>>::operator +(const ATL::CStringT<wchar_t,StrTraitMFC_DLL<wchar_t,ATL::ChTraitsCRT<wchar_t>>> &,const ATL::CStringT<wchar_t,StrTraitMFC_DLL<wchar_t,ATL::ChTraitsCRT<wchar_t>>> &)”[使用参数相关的查找找到]
  D:\新建文件夹\VC\atlmfc\include\cstringt.h(2391): note: 或    “ATL::CStringT<wchar_t,StrTraitMFC_DLL<wchar_t,ATL::ChTraitsCRT<wchar_t>>> ATL::operator +(const ATL::CStringT<wchar_t,StrTraitMFC_DLL<wchar_t,ATL::ChTraitsCRT<wchar_t>>> &,const wchar_t *)”[使用参数相关的查找找到]
  D:\新建文件夹\VC\atlmfc\include\cstringt.h(2402): note: 或    “ATL::CStringT<wchar_t,StrTraitMFC_DLL<wchar_t,ATL::ChTraitsCRT<wchar_t>>> ATL::operator +(const wchar_t *,const ATL::CStringT<wchar_t,StrTraitMFC_DLL<wchar_t,ATL::ChTraitsCRT<wchar_t>>> &)”[使用参数相关的查找找到]
  D:\新建文件夹\VC\atlmfc\include\cstringt.h(2419): note: 或    “ATL::CStringT<wchar_t,StrTraitMFC_DLL<wchar_t,ATL::ChTraitsCRT<wchar_t>>> ATL::CStringT<wchar_t,StrTraitMFC_DLL<wchar_t,ATL::ChTraitsCRT<wchar_t>>>::operator +(const ATL::CStringT<wchar_t,StrTraitMFC_DLL<wchar_t,ATL::ChTraitsCRT<wchar_t>>> &,char)”[使用参数相关的查找找到]
  D:\新建文件夹\VC\atlmfc\include\cstringt.h(2431): note: 或    “ATL::CStringT<wchar_t,StrTraitMFC_DLL<wchar_t,ATL::ChTraitsCRT<wchar_t>>> ATL::CStringT<wchar_t,StrTraitMFC_DLL<wchar_t,ATL::ChTraitsCRT<wchar_t>>>::operator +(char,const ATL::CStringT<wchar_t,StrTraitMFC_DLL<wchar_t,ATL::ChTraitsCRT<wchar_t>>> &)”[使用参数相关的查找找到]
  D:\新建文件夹\VC\atlmfc\include\cstringt.h(2444): note: 或    “ATL::CStringT<wchar_t,StrTraitMFC_DLL<wchar_t,ATL::ChTraitsCRT<wchar_t>>> ATL::CStringT<wchar_t,StrTraitMFC_DLL<wchar_t,ATL::ChTraitsCRT<wchar_t>>>::operator +(const ATL::CStringT<wchar_t,StrTraitMFC_DLL<wchar_t,ATL::ChTraitsCRT<wchar_t>>> &,wchar_t)”[使用参数相关的查找找到]
  D:\新建文件夹\VC\atlmfc\include\cstringt.h(2456): note: 或    “ATL::CStringT<wchar_t,StrTraitMFC_DLL<wchar_t,ATL::ChTraitsCRT<wchar_t>>> ATL::CStringT<wchar_t,StrTraitMFC_DLL<wchar_t,ATL::ChTraitsCRT<wchar_t>>>::operator +(wchar_t,const ATL::CStringT<wchar_t,StrTraitMFC_DLL<wchar_t,ATL::ChTraitsCRT<wchar_t>>> &)”[使用参数相关的查找找到]
  chatroom.cpp(111): note: 尝试匹配参数列表“(const char *, ATL::CStringT<wchar_t,StrTraitMFC_DLL<wchar_t,ATL::ChTraitsCRT<wchar_t>>>)”时
chatroom.cpp(112): error C2440: “初始化”: 无法从“wchar_t *”转换为“char *”
  chatroom.cpp(112): note: 与指向的类型无关；转换要求 reinterpret_cast、C 样式转换或函数样式转换
  login.cpp
login.cpp(72): error C2664: “BOOL CFont::CreatePointFont(int,LPCTSTR,CDC *)”: 无法将参数 2 从“const char [5]”转换为“LPCTSTR”
  login.cpp(72): note: 与指向的类型无关；转换要求 reinterpret_cast、C 样式转换或函数样式转换
login.cpp(74): error C2664: “void CWnd::SetWindowTextW(LPCTSTR)”: 无法将参数 1 从“const char [7]”转换为“LPCTSTR”
  login.cpp(74): note: 与指向的类型无关；转换要求 reinterpret_cast、C 样式转换或函数样式转换
login.cpp(76): error C2664: “void CWnd::SetWindowTextW(LPCTSTR)”: 无法将参数 1 从“const char [7]”转换为“LPCTSTR”
  login.cpp(76): note: 与指向的类型无关；转换要求 reinterpret_cast、C 样式转换或函数样式转换
login.cpp(192): error C2664: “int CWnd::MessageBoxW(LPCTSTR,LPCTSTR,UINT)”: 无法将参数 1 从“const char [13]”转换为“LPCTSTR”
  login.cpp(192): note: 与指向的类型无关；转换要求 reinterpret_cast、C 样式转换或函数样式转换
login.cpp(197): error C2664: “int CWnd::MessageBoxW(LPCTSTR,LPCTSTR,UINT)”: 无法将参数 1 从“const char [11]”转换为“LPCTSTR”
  login.cpp(197): note: 与指向的类型无关；转换要求 reinterpret_cast、C 样式转换或函数样式转换
login.cpp(207): error C2440: “初始化”: 无法从“wchar_t *”转换为“std::basic_string<char,std::char_traits<char>,std::allocator<char>>”
  login.cpp(207): note: 无构造函数可以接受源类型，或构造函数重载决策不明确
login.cpp(208): error C2440: “初始化”: 无法从“wchar_t *”转换为“std::basic_string<char,std::char_traits<char>,std::allocator<char>>”
  login.cpp(208): note: 无构造函数可以接受源类型，或构造函数重载决策不明确
  signup.cpp
signup.cpp(212): error C2440: “初始化”: 无法从“wchar_t *”转换为“std::basic_string<char,std::char_traits<char>,std::allocator<char>>”
  signup.cpp(212): note: 无构造函数可以接受源类型，或构造函数重载决策不明确
signup.cpp(213): error C2440: “初始化”: 无法从“wchar_t *”转换为“std::basic_string<char,std::char_traits<char>,std::allocator<char>>”
  signup.cpp(213): note: 无构造函数可以接受源类型，或构造函数重载决策不明确
signup.cpp(214): error C2440: “初始化”: 无法从“wchar_t *”转换为“std::basic_string<char,std::char_traits<char>,std::allocator<char>>”
  signup.cpp(214): note: 无构造函数可以接受源类型，或构造函数重载决策不明确
signup.cpp(220): error C2664: “int CWnd::MessageBoxW(LPCTSTR,LPCTSTR,UINT)”: 无法将参数 1 从“const char [13]”转换为“LPCTSTR”
  signup.cpp(220): note: 与指向的类型无关；转换要求 reinterpret_cast、C 样式转换或函数样式转换
signup.cpp(225): error C2664: “int CWnd::MessageBoxW(LPCTSTR,LPCTSTR,UINT)”: 无法将参数 1 从“const char [11]”转换为“LPCTSTR”
  signup.cpp(225): note: 与指向的类型无关；转换要求 reinterpret_cast、C 样式转换或函数样式转换
signup.cpp(230): error C2664: “int CWnd::MessageBoxW(LPCTSTR,LPCTSTR,UINT)”: 无法将参数 1 从“const char [11]”转换为“LPCTSTR”
  signup.cpp(230): note: 与指向的类型无关；转换要求 reinterpret_cast、C 样式转换或函数样式转换
signup.cpp(245): error C2664: “int CWnd::MessageBoxW(LPCTSTR,LPCTSTR,UINT)”: 无法将参数 1 从“const char [15]”转换为“LPCTSTR”
  signup.cpp(245): note: 与指向的类型无关；转换要求 reinterpret_cast、C 样式转换或函数样式转换
  Sword  ArtDlg.cpp
Sword  ArtDlg.cpp(187): error C2664: “HRESULT ATL::CImage::Load(IStream *) throw()”: 无法将参数 1 从“const char [19]”转换为“LPCTSTR”
  Sword  ArtDlg.cpp(187): note: 与指向的类型无关；转换要求 reinterpret_cast、C 样式转换或函数样式转换
Sword  ArtDlg.cpp(188): error C2664: “HRESULT ATL::CImage::Load(IStream *) throw()”: 无法将参数 1 从“const char [20]”转换为“LPCTSTR”
  Sword  ArtDlg.cpp(188): note: 与指向的类型无关；转换要求 reinterpret_cast、C 样式转换或函数样式转换
Sword  ArtDlg.cpp(189): error C2664: “HRESULT ATL::CImage::Load(IStream *) throw()”: 无法将参数 1 从“const char [19]”转换为“LPCTSTR”
  Sword  ArtDlg.cpp(189): note: 与指向的类型无关；转换要求 reinterpret_cast、C 样式转换或函数样式转换
Sword  ArtDlg.cpp(190): error C2664: “HRESULT ATL::CImage::Load(IStream *) throw()”: 无法将参数 1 从“const char [20]”转换为“LPCTSTR”
  Sword  ArtDlg.cpp(190): note: 与指向的类型无关；转换要求 reinterpret_cast、C 样式转换或函数样式转换
Sword  ArtDlg.cpp(191): error C2664: “HRESULT ATL::CImage::Load(IStream *) throw()”: 无法将参数 1 从“const char [19]”转换为“LPCTSTR”
  Sword  ArtDlg.cpp(191): note: 与指向的类型无关；转换要求 reinterpret_cast、C 样式转换或函数样式转换
Sword  ArtDlg.cpp(192): error C2664: “HRESULT ATL::CImage::Load(IStream *) throw()”: 无法将参数 1 从“const char [20]”转换为“LPCTSTR”
  Sword  ArtDlg.cpp(192): note: 与指向的类型无关；转换要求 reinterpret_cast、C 样式转换或函数样式转换
Sword  ArtDlg.cpp(193): error C2664: “HRESULT ATL::CImage::Load(IStream *) throw()”: 无法将参数 1 从“const char [19]”转换为“LPCTSTR”
  Sword  ArtDlg.cpp(193): note: 与指向的类型无关；转换要求 reinterpret_cast、C 样式转换或函数样式转换
Sword  ArtDlg.cpp(194): error C2664: “HRESULT ATL::CImage::Load(IStream *) throw()”: 无法将参数 1 从“const char [20]”转换为“LPCTSTR”
  Sword  ArtDlg.cpp(194): note: 与指向的类型无关；转换要求 reinterpret_cast、C 样式转换或函数样式转换
Sword  ArtDlg.cpp(195): error C2664: “HRESULT ATL::CImage::Load(IStream *) throw()”: 无法将参数 1 从“const char [19]”转换为“LPCTSTR”
  Sword  ArtDlg.cpp(195): note: 与指向的类型无关；转换要求 reinterpret_cast、C 样式转换或函数样式转换
Sword  ArtDlg.cpp(196): error C2664: “HRESULT ATL::CImage::Load(IStream *) throw()”: 无法将参数 1 从“const char [20]”转换为“LPCTSTR”
  Sword  ArtDlg.cpp(196): note: 与指向的类型无关；转换要求 reinterpret_cast、C 样式转换或函数样式转换
Sword  ArtDlg.cpp(197): error C2664: “HRESULT ATL::CImage::Load(IStream *) throw()”: 无法将参数 1 从“const char [14]”转换为“LPCTSTR”
  Sword  ArtDlg.cpp(197): note: 与指向的类型无关；转换要求 reinterpret_cast、C 样式转换或函数样式转换
Sword  ArtDlg.cpp(198): error C2664: “HRESULT ATL::CImage::Load(IStream *) throw()”: 无法将参数 1 从“const char [20]”转换为“LPCTSTR”
  Sword  ArtDlg.cpp(198): note: 与指向的类型无关；转换要求 reinterpret_cast、C 样式转换或函数样式转换
Sword  ArtDlg.cpp(199): error C2664: “HRESULT ATL::CImage::Load(IStream *) throw()”: 无法将参数 1 从“const char [21]”转换为“LPCTSTR”
  Sword  ArtDlg.cpp(199): note: 与指向的类型无关；转换要求 reinterpret_cast、C 样式转换或函数样式转换
Sword  ArtDlg.cpp(200): error C2664: “HRESULT ATL::CImage::Load(IStream *) throw()”: 无法将参数 1 从“const char [21]”转换为“LPCTSTR”
  Sword  ArtDlg.cpp(200): note: 与指向的类型无关；转换要求 reinterpret_cast、C 样式转换或函数样式转换
Sword  ArtDlg.cpp(201): error C2664: “HRESULT ATL::CImage::Load(IStream *) throw()”: 无法将参数 1 从“const char [21]”转换为“LPCTSTR”
  Sword  ArtDlg.cpp(201): note: 与指向的类型无关；转换要求 reinterpret_cast、C 样式转换或函数样式转换
Sword  ArtDlg.cpp(202): error C2664: “HRESULT ATL::CImage::Load(IStream *) throw()”: 无法将参数 1 从“const char [21]”转换为“LPCTSTR”
  Sword  ArtDlg.cpp(202): note: 与指向的类型无关；转换要求 reinterpret_cast、C 样式转换或函数样式转换
Sword  ArtDlg.cpp(203): error C2664: “HRESULT ATL::CImage::Load(IStream *) throw()”: 无法将参数 1 从“const char [21]”转换为“LPCTSTR”
  Sword  ArtDlg.cpp(203): note: 与指向的类型无关；转换要求 reinterpret_cast、C 样式转换或函数样式转换
Sword  ArtDlg.cpp(204): error C2664: “HRESULT ATL::CImage::Load(IStream *) throw()”: 无法将参数 1 从“const char [21]”转换为“LPCTSTR”
  Sword  ArtDlg.cpp(204): note: 与指向的类型无关；转换要求 reinterpret_cast、C 样式转换或函数样式转换
Sword  ArtDlg.cpp(205): error C2664: “HRESULT ATL::CImage::Load(IStream *) throw()”: 无法将参数 1 从“const char [21]”转换为“LPCTSTR”
  Sword  ArtDlg.cpp(205): note: 与指向的类型无关；转换要求 reinterpret_cast、C 样式转换或函数样式转换
Sword  ArtDlg.cpp(206): error C2664: “HRESULT ATL::CImage::Load(IStream *) throw()”: 无法将参数 1 从“const char [21]”转换为“LPCTSTR”
  Sword  ArtDlg.cpp(206): note: 与指向的类型无关；转换要求 reinterpret_cast、C 样式转换或函数样式转换
Sword  ArtDlg.cpp(211): error C2664: “HRESULT ATL::CImage::Load(IStream *) throw()”: 无法将参数 1 从“const char [25]”转换为“LPCTSTR”
  Sword  ArtDlg.cpp(211): note: 与指向的类型无关；转换要求 reinterpret_cast、C 样式转换或函数样式转换
Sword  ArtDlg.cpp(212): error C2664: “HRESULT ATL::CImage::Load(IStream *) throw()”: 无法将参数 1 从“const char [25]”转换为“LPCTSTR”
  Sword  ArtDlg.cpp(212): note: 与指向的类型无关；转换要求 reinterpret_cast、C 样式转换或函数样式转换
Sword  ArtDlg.cpp(213): error C2664: “HRESULT ATL::CImage::Load(IStream *) throw()”: 无法将参数 1 从“const char [31]”转换为“LPCTSTR”
  Sword  ArtDlg.cpp(213): note: 与指向的类型无关；转换要求 reinterpret_cast、C 样式转换或函数样式转换
Sword  ArtDlg.cpp(214): error C2664: “HRESULT ATL::CImage::Load(IStream *) throw()”: 无法将参数 1 从“const char [30]”转换为“LPCTSTR”
  Sword  ArtDlg.cpp(214): note: 与指向的类型无关；转换要求 reinterpret_cast、C 样式转换或函数样式转换
Sword  ArtDlg.cpp(215): error C2664: “HRESULT ATL::CImage::Load(IStream *) throw()”: 无法将参数 1 从“const char [30]”转换为“LPCTSTR”
  Sword  ArtDlg.cpp(215): note: 与指向的类型无关；转换要求 reinterpret_cast、C 样式转换或函数样式转换
Sword  ArtDlg.cpp(216): error C2664: “HRESULT ATL::CImage::Load(IStream *) throw()”: 无法将参数 1 从“const char [23]”转换为“LPCTSTR”
  Sword  ArtDlg.cpp(216): note: 与指向的类型无关；转换要求 reinterpret_cast、C 样式转换或函数样式转换
Sword  ArtDlg.cpp(217): error C2664: “HRESULT ATL::CImage::Load(IStream *) throw()”: 无法将参数 1 从“const char [23]”转换为“LPCTSTR”
  Sword  ArtDlg.cpp(217): note: 与指向的类型无关；转换要求 reinterpret_cast、C 样式转换或函数样式转换
Sword  ArtDlg.cpp(218): error C2664: “HRESULT ATL::CImage::Load(IStream *) throw()”: 无法将参数 1 从“const char [20]”转换为“LPCTSTR”
  Sword  ArtDlg.cpp(218): note: 与指向的类型无关；转换要求 reinterpret_cast、C 样式转换或函数样式转换
Sword  ArtDlg.cpp(219): error C2664: “HRESULT ATL::CImage::Load(IStream *) throw()”: 无法将参数 1 从“const char [22]”转换为“LPCTSTR”
  Sword  ArtDlg.cpp(219): note: 与指向的类型无关；转换要求 reinterpret_cast、C 样式转换或函数样式转换
Sword  ArtDlg.cpp(220): error C2664: “HRESULT ATL::CImage::Load(IStream *) throw()”: 无法将参数 1 从“const char [22]”转换为“LPCTSTR”
  Sword  ArtDlg.cpp(220): note: 与指向的类型无关；转换要求 reinterpret_cast、C 样式转换或函数样式转换
Sword  ArtDlg.cpp(221): error C2664: “HRESULT ATL::CImage::Load(IStream *) throw()”: 无法将参数 1 从“const char [20]”转换为“LPCTSTR”
  Sword  ArtDlg.cpp(221): note: 与指向的类型无关；转换要求 reinterpret_cast、C 样式转换或函数样式转换
Sword  ArtDlg.cpp(222): error C2664: “HRESULT ATL::CImage::Load(IStream *) throw()”: 无法将参数 1 从“const char [24]”转换为“LPCTSTR”
  Sword  ArtDlg.cpp(222): note: 与指向的类型无关；转换要求 reinterpret_cast、C 样式转换或函数样式转换
Sword  ArtDlg.cpp(223): error C2664: “HRESULT ATL::CImage::Load(IStream *) throw()”: 无法将参数 1 从“const char [24]”转换为“LPCTSTR”
  Sword  ArtDlg.cpp(223): note: 与指向的类型无关；转换要求 reinterpret_cast、C 样式转换或函数样式转换
Sword  ArtDlg.cpp(224): error C2664: “HRESULT ATL::CImage::Load(IStream *) throw()”: 无法将参数 1 从“const char [21]”转换为“LPCTSTR”
  Sword  ArtDlg.cpp(224): note: 与指向的类型无关；转换要求 reinterpret_cast、C 样式转换或函数样式转换
Sword  ArtDlg.cpp(225): error C2664: “HRESULT ATL::CImage::Load(IStream *) throw()”: 无法将参数 1 从“const char [23]”转换为“LPCTSTR”
  Sword  ArtDlg.cpp(225): note: 与指向的类型无关；转换要求 reinterpret_cast、C 样式转换或函数样式转换
Sword  ArtDlg.cpp(226): error C2664: “HRESULT ATL::CImage::Load(IStream *) throw()”: 无法将参数 1 从“const char [23]”转换为“LPCTSTR”
  Sword  ArtDlg.cpp(226): note: 与指向的类型无关；转换要求 reinterpret_cast、C 样式转换或函数样式转换
Sword  ArtDlg.cpp(227): error C2664: “HRESULT ATL::CImage::Load(IStream *) throw()”: 无法将参数 1 从“const char [22]”转换为“LPCTSTR”
  Sword  ArtDlg.cpp(227): note: 与指向的类型无关；转换要求 reinterpret_cast、C 样式转换或函数样式转换
Sword  ArtDlg.cpp(229): error C2664: “HRESULT ATL::CImage::Load(IStream *) throw()”: 无法将参数 1 从“const char [21]”转换为“LPCTSTR”
  Sword  ArtDlg.cpp(229): note: 与指向的类型无关；转换要求 reinterpret_cast、C 样式转换或函数样式转换
Sword  ArtDlg.cpp(230): error C2664: “HRESULT ATL::CImage::Load(IStream *) throw()”: 无法将参数 1 从“const char [21]”转换为“LPCTSTR”
  Sword  ArtDlg.cpp(230): note: 与指向的类型无关；转换要求 reinterpret_cast、C 样式转换或函数样式转换
Sword  ArtDlg.cpp(231): error C2664: “HRESULT ATL::CImage::Load(IStream *) throw()”: 无法将参数 1 从“const char [21]”转换为“LPCTSTR”
  Sword  ArtDlg.cpp(231): note: 与指向的类型无关；转换要求 reinterpret_cast、C 样式转换或函数样式转换
Sword  ArtDlg.cpp(232): error C2664: “HRESULT ATL::CImage::Load(IStream *) throw()”: 无法将参数 1 从“const char [21]”转换为“LPCTSTR”
  Sword  ArtDlg.cpp(232): note: 与指向的类型无关；转换要求 reinterpret_cast、C 样式转换或函数样式转换
Sword  ArtDlg.cpp(233): error C2664: “HRESULT ATL::CImage::Load(IStream *) throw()”: 无法将参数 1 从“const char [21]”转换为“LPCTSTR”
  Sword  ArtDlg.cpp(233): note: 与指向的类型无关；转换要求 reinterpret_cast、C 样式转换或函数样式转换
Sword  ArtDlg.cpp(234): error C2664: “HRESULT ATL::CImage::Load(IStream *) throw()”: 无法将参数 1 从“const char [27]”转换为“LPCTSTR”
  Sword  ArtDlg.cpp(234): note: 与指向的类型无关；转换要求 reinterpret_cast、C 样式转换或函数样式转换
Sword  ArtDlg.cpp(235): error C2664: “HRESULT ATL::CImage::Load(IStream *) throw()”: 无法将参数 1 从“const char [25]”转换为“LPCTSTR”
  Sword  ArtDlg.cpp(235): note: 与指向的类型无关；转换要求 reinterpret_cast、C 样式转换或函数样式转换
Sword  ArtDlg.cpp(238): error C2664: “HRESULT ATL::CImage::Load(IStream *) throw()”: 无法将参数 1 从“const char [20]”转换为“LPCTSTR”
  Sword  ArtDlg.cpp(238): note: 与指向的类型无关；转换要求 reinterpret_cast、C 样式转换或函数样式转换
Sword  ArtDlg.cpp(239): error C2664: “HRESULT ATL::CImage::Load(IStream *) throw()”: 无法将参数 1 从“const char [20]”转换为“LPCTSTR”
  Sword  ArtDlg.cpp(239): note: 与指向的类型无关；转换要求 reinterpret_cast、C 样式转换或函数样式转换
Sword  ArtDlg.cpp(240): error C2664: “HRESULT ATL::CImage::Load(IStream *) throw()”: 无法将参数 1 从“const char [20]”转换为“LPCTSTR”
  Sword  ArtDlg.cpp(240): note: 与指向的类型无关；转换要求 reinterpret_cast、C 样式转换或函数样式转换
Sword  ArtDlg.cpp(241): error C2664: “HRESULT ATL::CImage::Load(IStream *) throw()”: 无法将参数 1 从“const char [20]”转换为“LPCTSTR”
  Sword  ArtDlg.cpp(241): note: 与指向的类型无关；转换要求 reinterpret_cast、C 样式转换或函数样式转换
Sword  ArtDlg.cpp(242): error C2664: “HRESULT ATL::CImage::Load(IStream *) throw()”: 无法将参数 1 从“const char [20]”转换为“LPCTSTR”
  Sword  ArtDlg.cpp(242): note: 与指向的类型无关；转换要求 reinterpret_cast、C 样式转换或函数样式转换
Sword  ArtDlg.cpp(244): error C2664: “HRESULT ATL::CImage::Load(IStream *) throw()”: 无法将参数 1 从“const char [23]”转换为“LPCTSTR”
  Sword  ArtDlg.cpp(244): note: 与指向的类型无关；转换要求 reinterpret_cast、C 样式转换或函数样式转换
Sword  ArtDlg.cpp(245): error C2664: “HRESULT ATL::CImage::Load(IStream *) throw()”: 无法将参数 1 从“const char [24]”转换为“LPCTSTR”
  Sword  ArtDlg.cpp(245): note: 与指向的类型无关；转换要求 reinterpret_cast、C 样式转换或函数样式转换
Sword  ArtDlg.cpp(246): error C2664: “HRESULT ATL::CImage::Load(IStream *) throw()”: 无法将参数 1 从“const char [23]”转换为“LPCTSTR”
  Sword  ArtDlg.cpp(246): note: 与指向的类型无关；转换要求 reinterpret_cast、C 样式转换或函数样式转换
Sword  ArtDlg.cpp(247): error C2664: “HRESULT ATL::CImage::Load(IStream *) throw()”: 无法将参数 1 从“const char [23]”转换为“LPCTSTR”
  Sword  ArtDlg.cpp(247): note: 与指向的类型无关；转换要求 reinterpret_cast、C 样式转换或函数样式转换
Sword  ArtDlg.cpp(248): error C2664: “HRESULT ATL::CImage::Load(IStream *) throw()”: 无法将参数 1 从“const char [24]”转换为“LPCTSTR”
  Sword  ArtDlg.cpp(248): note: 与指向的类型无关；转换要求 reinterpret_cast、C 样式转换或函数样式转换
Sword  ArtDlg.cpp(249): error C2664: “HRESULT ATL::CImage::Load(IStream *) throw()”: 无法将参数 1 从“const char [24]”转换为“LPCTSTR”
  Sword  ArtDlg.cpp(249): note: 与指向的类型无关；转换要求 reinterpret_cast、C 样式转换或函数样式转换
Sword  ArtDlg.cpp(250): error C2664: “HRESULT ATL::CImage::Load(IStream *) throw()”: 无法将参数 1 从“const char [21]”转换为“LPCTSTR”
  Sword  ArtDlg.cpp(250): note: 与指向的类型无关；转换要求 reinterpret_cast、C 样式转换或函数样式转换
Sword  ArtDlg.cpp(251): error C2664: “HRESULT ATL::CImage::Load(IStream *) throw()”: 无法将参数 1 从“const char [21]”转换为“LPCTSTR”
  Sword  ArtDlg.cpp(251): note: 与指向的类型无关；转换要求 reinterpret_cast、C 样式转换或函数样式转换
Sword  ArtDlg.cpp(252): error C2664: “HRESULT ATL::CImage::Load(IStream *) throw()”: 无法将参数 1 从“const char [20]”转换为“LPCTSTR”
  Sword  ArtDlg.cpp(252): note: 与指向的类型无关；转换要求 reinterpret_cast、C 样式转换或函数样式转换
Sword  ArtDlg.cpp(253): error C2664: “HRESULT ATL::CImage::Load(IStream *) throw()”: 无法将参数 1 从“const char [23]”转换为“LPCTSTR”
  Sword  ArtDlg.cpp(253): note: 与指向的类型无关；转换要求 reinterpret_cast、C 样式转换或函数样式转换
Sword  ArtDlg.cpp(274): error C2664: “HRESULT ATL::CImage::Load(IStream *) throw()”: 无法将参数 1 从“char [20]”转换为“LPCTSTR”
  Sword  ArtDlg.cpp(274): note: 与指向的类型无关；转换要求 reinterpret_cast、C 样式转换或函数样式转换
Sword  ArtDlg.cpp(308): warning C4002: “_T”宏的实参太多
Sword  ArtDlg.cpp(308): error C2059: 语法错误:“常量”
Sword  ArtDlg.cpp(654): error C2664: “HFONT CreateFontW(int,int,int,int,int,DWORD,DWORD,DWORD,DWORD,DWORD,DWORD,DWORD,DWORD,LPCWSTR)”: 无法将参数 14 从“const char [9]”转换为“LPCWSTR”
  Sword  ArtDlg.cpp(654): note: 与指向的类型无关；转换要求 reinterpret_cast、C 样式转换或函数样式转换
Sword  ArtDlg.cpp(659): error C2664: “HFONT CreateFontW(int,int,int,int,int,DWORD,DWORD,DWORD,DWORD,DWORD,DWORD,DWORD,DWORD,LPCWSTR)”: 无法将参数 14 从“const char [9]”转换为“LPCWSTR”
  Sword  ArtDlg.cpp(659): note: 与指向的类型无关；转换要求 reinterpret_cast、C 样式转换或函数样式转换
Sword  ArtDlg.cpp(667): error C2664: “HFONT CreateFontW(int,int,int,int,int,DWORD,DWORD,DWORD,DWORD,DWORD,DWORD,DWORD,DWORD,LPCWSTR)”: 无法将参数 14 从“const char [9]”转换为“LPCWSTR”
  Sword  ArtDlg.cpp(667): note: 与指向的类型无关；转换要求 reinterpret_cast、C 样式转换或函数样式转换
Sword  ArtDlg.cpp(672): error C2664: “HFONT CreateFontW(int,int,int,int,int,DWORD,DWORD,DWORD,DWORD,DWORD,DWORD,DWORD,DWORD,LPCWSTR)”: 无法将参数 14 从“const char [9]”转换为“LPCWSTR”
  Sword  ArtDlg.cpp(672): note: 与指向的类型无关；转换要求 reinterpret_cast、C 样式转换或函数样式转换
Sword  ArtDlg.cpp(680): error C2664: “HFONT CreateFontW(int,int,int,int,int,DWORD,DWORD,DWORD,DWORD,DWORD,DWORD,DWORD,DWORD,LPCWSTR)”: 无法将参数 14 从“const char [9]”转换为“LPCWSTR”
  Sword  ArtDlg.cpp(680): note: 与指向的类型无关；转换要求 reinterpret_cast、C 样式转换或函数样式转换
Sword  ArtDlg.cpp(685): error C2664: “HFONT CreateFontW(int,int,int,int,int,DWORD,DWORD,DWORD,DWORD,DWORD,DWORD,DWORD,DWORD,LPCWSTR)”: 无法将参数 14 从“const char [9]”转换为“LPCWSTR”
  Sword  ArtDlg.cpp(685): note: 与指向的类型无关；转换要求 reinterpret_cast、C 样式转换或函数样式转换
Sword  ArtDlg.cpp(687): error C2664: “BOOL TextOutW(HDC,int,int,LPCWSTR,int)”: 无法将参数 4 从“const char [13]”转换为“LPCWSTR”
  Sword  ArtDlg.cpp(687): note: 与指向的类型无关；转换要求 reinterpret_cast、C 样式转换或函数样式转换
Sword  ArtDlg.cpp(860): error C2664: “HFONT CreateFontW(int,int,int,int,int,DWORD,DWORD,DWORD,DWORD,DWORD,DWORD,DWORD,DWORD,LPCWSTR)”: 无法将参数 14 从“const char [9]”转换为“LPCWSTR”
  Sword  ArtDlg.cpp(860): note: 与指向的类型无关；转换要求 reinterpret_cast、C 样式转换或函数样式转换
Sword  ArtDlg.cpp(866): error C2664: “HFONT CreateFontW(int,int,int,int,int,DWORD,DWORD,DWORD,DWORD,DWORD,DWORD,DWORD,DWORD,LPCWSTR)”: 无法将参数 14 从“const char [9]”转换为“LPCWSTR”
  Sword  ArtDlg.cpp(866): note: 与指向的类型无关；转换要求 reinterpret_cast、C 样式转换或函数样式转换
Sword  ArtDlg.cpp(875): error C2664: “HFONT CreateFontW(int,int,int,int,int,DWORD,DWORD,DWORD,DWORD,DWORD,DWORD,DWORD,DWORD,LPCWSTR)”: 无法将参数 14 从“const char [9]”转换为“LPCWSTR”
  Sword  ArtDlg.cpp(875): note: 与指向的类型无关；转换要求 reinterpret_cast、C 样式转换或函数样式转换
Sword  ArtDlg.cpp(882): error C2664: “HFONT CreateFontW(int,int,int,int,int,DWORD,DWORD,DWORD,DWORD,DWORD,DWORD,DWORD,DWORD,LPCWSTR)”: 无法将参数 14 从“const char [9]”转换为“LPCWSTR”
  Sword  ArtDlg.cpp(882): note: 与指向的类型无关；转换要求 reinterpret_cast、C 样式转换或函数样式转换
Sword  ArtDlg.cpp(890): error C2664: “HFONT CreateFontW(int,int,int,int,int,DWORD,DWORD,DWORD,DWORD,DWORD,DWORD,DWORD,DWORD,LPCWSTR)”: 无法将参数 14 从“const char [9]”转换为“LPCWSTR”
  Sword  ArtDlg.cpp(890): note: 与指向的类型无关；转换要求 reinterpret_cast、C 样式转换或函数样式转换
Sword  ArtDlg.cpp(896): error C2664: “HFONT CreateFontW(int,int,int,int,int,DWORD,DWORD,DWORD,DWORD,DWORD,DWORD,DWORD,DWORD,LPCWSTR)”: 无法将参数 14 从“const char [9]”转换为“LPCWSTR”
  Sword  ArtDlg.cpp(896): note: 与指向的类型无关；转换要求 reinterpret_cast、C 样式转换或函数样式转换
Sword  ArtDlg.cpp(904): error C2664: “HFONT CreateFontW(int,int,int,int,int,DWORD,DWORD,DWORD,DWORD,DWORD,DWORD,DWORD,DWORD,LPCWSTR)”: 无法将参数 14 从“const char [9]”转换为“LPCWSTR”
  Sword  ArtDlg.cpp(904): note: 与指向的类型无关；转换要求 reinterpret_cast、C 样式转换或函数样式转换
Sword  ArtDlg.cpp(911): error C2664: “HFONT CreateFontW(int,int,int,int,int,DWORD,DWORD,DWORD,DWORD,DWORD,DWORD,DWORD,DWORD,LPCWSTR)”: 无法将参数 14 从“const char [9]”转换为“LPCWSTR”
  Sword  ArtDlg.cpp(911): note: 与指向的类型无关；转换要求 reinterpret_cast、C 样式转换或函数样式转换
Sword  ArtDlg.cpp(919): error C2664: “HFONT CreateFontW(int,int,int,int,int,DWORD,DWORD,DWORD,DWORD,DWORD,DWORD,DWORD,DWORD,LPCWSTR)”: 无法将参数 14 从“const char [9]”转换为“LPCWSTR”
  Sword  ArtDlg.cpp(919): note: 与指向的类型无关；转换要求 reinterpret_cast、C 样式转换或函数样式转换
Sword  ArtDlg.cpp(939): error C2664: “HFONT CreateFontW(int,int,int,int,int,DWORD,DWORD,DWORD,DWORD,DWORD,DWORD,DWORD,DWORD,LPCWSTR)”: 无法将参数 14 从“const char [9]”转换为“LPCWSTR”
  Sword  ArtDlg.cpp(939): note: 与指向的类型无关；转换要求 reinterpret_cast、C 样式转换或函数样式转换
Sword  ArtDlg.cpp(947): error C2664: “HFONT CreateFontW(int,int,int,int,int,DWORD,DWORD,DWORD,DWORD,DWORD,DWORD,DWORD,DWORD,LPCWSTR)”: 无法将参数 14 从“const char [9]”转换为“LPCWSTR”
  Sword  ArtDlg.cpp(947): note: 与指向的类型无关；转换要求 reinterpret_cast、C 样式转换或函数样式转换
